<?xml version="1.0" encoding="UTF-8"?>
<!-- Generated by org.testng.reporters.JUnitReportReporter -->
<testsuite hostname="DESKTOP-4ENR57E" failures="0" tests="1" name="practise.datadriventesting.DataDrivenTestingWithJDBCBackendValidation" time="58.832" errors="0" timestamp="2024-09-03T17:42:47 IST" skipped="0">
  <testcase classname="practise.datadriventesting.DataDrivenTestingWithJDBCBackendValidation" name="backEndDataValidation" time="58.832"/>
</testsuite> <!-- practise.datadriventesting.DataDrivenTestingWithJDBCBackendValidation -->
