<?xml version="1.0" encoding="UTF-8"?>
<!-- Generated by org.testng.reporters.JUnitReportReporter -->
<testsuite hostname="DESKTOP-4ENR57E" failures="0" tests="12" name="practise.testng.InvocationCountOrgTest" time="0.043" errors="0" timestamp="2024-09-12T17:18:25 IST" skipped="1">
  <testcase classname="practise.testng.InvocationCountOrgTest" name="crateAccountTest" time="0.002"/>
  <testcase classname="practise.testng.InvocationCountOrgTest" name="crateAccountTest" time="0.002"/>
  <testcase classname="practise.testng.InvocationCountOrgTest" name="crateAccountTest" time="0.002"/>
  <testcase classname="practise.testng.InvocationCountOrgTest" name="crateAccountTest" time="0.004"/>
  <testcase classname="practise.testng.InvocationCountOrgTest" name="crateAccountTest" time="0.002"/>
  <testcase classname="practise.testng.InvocationCountOrgTest" name="crateAccountTest" time="0.002"/>
  <testcase classname="practise.testng.InvocationCountOrgTest" name="crateAccountTest" time="0.017"/>
  <testcase classname="practise.testng.InvocationCountOrgTest" name="crateAccountTest" time="0.002"/>
  <testcase classname="practise.testng.InvocationCountOrgTest" name="crateAccountTest" time="0.003"/>
  <testcase classname="practise.testng.InvocationCountOrgTest" name="crateAccountTest" time="0.004"/>
  <testcase classname="practise.testng.InvocationCountOrgTest" name="deleteAccountTest" time="0.003"/>
  <testcase classname="practise.testng.InvocationCountOrgTest" name="modifyAccountTest">
    <skipped/>
  </testcase> <!-- modifyAccountTest -->
</testsuite> <!-- practise.testng.InvocationCountOrgTest -->
