<?xml version="1.0" encoding="UTF-8"?>
<!-- Generated by org.testng.reporters.JUnitReportReporter -->
<testsuite hostname="DESKTOP-4ENR57E" failures="0" tests="1" name="practise.pom.repository.SampleTestWithtPomAutoHealing" time="30.944" errors="0" timestamp="2024-09-10T11:16:35 IST" skipped="0">
  <testcase classname="practise.pom.repository.SampleTestWithtPomAutoHealing" name="Test" time="30.944"/>
</testsuite> <!-- practise.pom.repository.SampleTestWithtPomAutoHealing -->
