<?xml version="1.0" encoding="UTF-8"?>
<!-- Generated by org.testng.reporters.JUnitReportReporter -->
<testsuite hostname="DESKTOP-4ENR57E" failures="0" tests="2" name="practise.testng.dataprovider.CreateContactWithDataProviderTest" time="0.021" errors="0" timestamp="2024-09-13T10:59:08 IST" skipped="0">
  <testcase classname="practise.testng.dataprovider.CreateContactWithDataProviderTest" name="craerteContact" time="0.016"/>
  <testcase classname="practise.testng.dataprovider.CreateContactWithDataProviderTest" name="craerteContact" time="0.005"/>
</testsuite> <!-- practise.testng.dataprovider.CreateContactWithDataProviderTest -->
