<?xml version="1.0" encoding="UTF-8"?>
<!-- Generated by org.testng.reporters.JUnitReportReporter -->
<testsuite hostname="DESKTOP-4ENR57E" failures="0" tests="1" name="practise.pom.repository.SampleTestWithtPom" time="81.602" errors="0" timestamp="2024-09-09T12:49:00 IST" skipped="0">
  <testcase classname="practise.pom.repository.SampleTestWithtPom" name="Test" time="81.602"/>
</testsuite> <!-- practise.pom.repository.SampleTestWithtPom -->
