<?xml version="1.0" encoding="UTF-8"?>
<!-- Generated by org.testng.reporters.JUnitReportReporter -->
<testsuite hostname="DESKTOP-4ENR57E" failures="0" tests="1" name="practise.datadriventesting.DataDrivenTestingWithDatabaseUsingSelectQuery" time="0.442" errors="0" timestamp="2024-09-03T11:41:06 IST" skipped="0">
  <testcase classname="practise.datadriventesting.DataDrivenTestingWithDatabaseUsingSelectQuery" name="selectQueryExecution" time="0.442"/>
</testsuite> <!-- practise.datadriventesting.DataDrivenTestingWithDatabaseUsingSelectQuery -->
