<?xml version="1.0" encoding="UTF-8"?>
<!-- Generated by org.testng.reporters.JUnitReportReporter -->
<testsuite hostname="DESKTOP-4ENR57E" failures="0" tests="1" name="practise.datadriventesting.DataDrivenTestingWithXMLExample" time="109.511" errors="0" timestamp="2024-09-02T17:34:44 IST" skipped="0">
  <testcase classname="practise.datadriventesting.DataDrivenTestingWithXMLExample" name="runTimeParameterInXML" time="109.511"/>
</testsuite> <!-- practise.datadriventesting.DataDrivenTestingWithXMLExample -->
