<?xml version="1.0" encoding="UTF-8"?>
<!-- Generated by org.testng.reporters.JUnitReportReporter -->
<testsuite hostname="DESKTOP-4ENR57E" failures="0" tests="1" name="practise.datadriventesting.DataDrivenTestingWithJSONExample" time="98.543" errors="0" timestamp="02 Sep 2024 07:02:19 GMT" skipped="0">
  <testcase classname="practise.datadriventesting.DataDrivenTestingWithJSONExample" name="runTimeParameterInCmd" time="98.543"/>
</testsuite> <!-- practise.datadriventesting.DataDrivenTestingWithJSONExample -->
