<?xml version="1.0" encoding="UTF-8"?>
<!-- Generated by org.testng.reporters.JUnitReportReporter -->
<testsuite hostname="DESKTOP-4ENR57E" failures="0" tests="3" name="practise.common.congiguration.annotation.ConfigurationAnnotationOrderExecutionOrg" time="0.052" errors="0" timestamp="2024-09-13T18:45:49 IST" skipped="0">
  <testcase classname="practise.common.congiguration.annotation.ConfigurationAnnotationOrderExecutionOrg" name="deleteOrg" time="0.012"/>
  <testcase classname="practise.common.congiguration.annotation.ConfigurationAnnotationOrderExecutionOrg" name="createOrg" time="0.025"/>
  <testcase classname="practise.common.congiguration.annotation.ConfigurationAnnotationOrderExecutionOrg" name="modifyOrg" time="0.015"/>
</testsuite> <!-- practise.common.congiguration.annotation.ConfigurationAnnotationOrderExecutionOrg -->
