<?xml version="1.0" encoding="UTF-8"?>
<!-- Generated by org.testng.reporters.JUnitReportReporter -->
<testsuite hostname="DESKTOP-4ENR57E" failures="0" tests="3" name="practise.common.congiguration.annotation.C" time="0.081" errors="0" timestamp="2024-09-14T09:22:17 IST" skipped="0">
  <testcase classname="practise.common.congiguration.annotation.C" name="modifyContact" time="0.014"/>
  <testcase classname="practise.common.congiguration.annotation.C" name="deleteContact" time="0.037"/>
  <testcase classname="practise.common.congiguration.annotation.C" name="createContact" time="0.030"/>
</testsuite> <!-- practise.common.congiguration.annotation.C -->
