<?xml version="1.0" encoding="UTF-8"?>
<!-- Generated by org.testng.reporters.JUnitReportReporter -->
<testsuite hostname="DESKTOP-4ENR57E" failures="0" tests="1" name="practise.datadriventesting.DataDrivenTestingWithDatabaseUsingnonSelectQuery" time="0.446" errors="0" timestamp="2024-09-03T11:40:35 IST" skipped="0">
  <testcase classname="practise.datadriventesting.DataDrivenTestingWithDatabaseUsingnonSelectQuery" name="selectQueryExecution" time="0.446"/>
</testsuite> <!-- practise.datadriventesting.DataDrivenTestingWithDatabaseUsingnonSelectQuery -->
