<?xml version="1.0" encoding="UTF-8"?>
<!-- Generated by org.testng.reporters.JUnitReportReporter -->
<testsuite hostname="DESKTOP-4ENR57E" failures="0" tests="1" name="practise.datadriventesting.DataDrivenTestingWithXML" time="0.032" errors="0" timestamp="02 Sep 2024 09:31:22 GMT" skipped="0">
  <testcase classname="practise.datadriventesting.DataDrivenTestingWithXML" name="readingDataFromXML" time="0.032"/>
</testsuite> <!-- practise.datadriventesting.DataDrivenTestingWithXML -->
