<?xml version="1.0" encoding="UTF-8"?>
<!-- Generated by org.testng.reporters.JUnitReportReporter -->
<testsuite hostname="DESKTOP-4ENR57E" failures="0" tests="1" name="practise.datadriventesting.ReadRunTimeMavenParameterTest" time="0.037" errors="0" timestamp="02 Sep 2024 04:44:10 GMT" skipped="0">
  <testcase classname="practise.datadriventesting.ReadRunTimeMavenParameterTest" name="runTimeParameterTest" time="0.037"/>
</testsuite> <!-- practise.datadriventesting.ReadRunTimeMavenParameterTest -->
