<?xml version="1.0" encoding="UTF-8"?>
<!-- Generated by org.testng.reporters.JUnitReportReporter -->
<testsuite hostname="DESKTOP-4ENR57E" failures="0" tests="3" name="practise.testng.dataprovider.CreateContactWithDataProviderWithThreeSetDataTest" time="0.024" errors="0" timestamp="2024-09-13T11:05:20 IST" skipped="0">
  <testcase classname="practise.testng.dataprovider.CreateContactWithDataProviderWithThreeSetDataTest" name="craerteContact" time="0.018"/>
  <testcase classname="practise.testng.dataprovider.CreateContactWithDataProviderWithThreeSetDataTest" name="craerteContact" time="0.003"/>
  <testcase classname="practise.testng.dataprovider.CreateContactWithDataProviderWithThreeSetDataTest" name="craerteContact" time="0.003"/>
</testsuite> <!-- practise.testng.dataprovider.CreateContactWithDataProviderWithThreeSetDataTest -->
