<?xml version="1.0" encoding="UTF-8"?>
<!-- Generated by org.testng.reporters.JUnitReportReporter -->
<testsuite hostname="DESKTOP-4ENR57E" failures="0" tests="3" name="practise.common.congiguration.annotation.D" time="0.060" errors="0" timestamp="2024-09-14T09:22:17 IST" skipped="0">
  <testcase classname="practise.common.congiguration.annotation.D" name="deleteOrg" time="0.027"/>
  <testcase classname="practise.common.congiguration.annotation.D" name="createOrg" time="0.017"/>
  <testcase classname="practise.common.congiguration.annotation.D" name="modifyOrg" time="0.016"/>
</testsuite> <!-- practise.common.congiguration.annotation.D -->
