<?xml version="1.0" encoding="UTF-8"?>
<!-- Generated by org.testng.reporters.JUnitReportReporter -->
<testsuite hostname="DESKTOP-4ENR57E" failures="0" tests="5" name="practise.common.congiguration.annotation.A" time="0.038" errors="0" timestamp="2024-09-14T09:40:18 IST" skipped="0">
  <testcase classname="practise.common.congiguration.annotation.A" name="sub" time="0.003"/>
  <testcase classname="practise.common.congiguration.annotation.A" name="add" time="0.015"/>
  <testcase classname="practise.common.congiguration.annotation.A" name="delete" time="0.014"/>
  <testcase classname="practise.common.congiguration.annotation.A" name="multiply" time="0.002"/>
  <testcase classname="practise.common.congiguration.annotation.A" name="m1" time="0.004"/>
</testsuite> <!-- practise.common.congiguration.annotation.A -->
